Arguments: 
  /opt/homebrew/Cellar/node/18.4.0/bin/node /opt/homebrew/Cellar/yarn/1.22.18/libexec/bin/yarn.js add averts2

PATH: 
  /Users/amir/.local/share/solana/install/active_release/bin:/opt/homebrew/bin:/opt/homebrew/sbin:/usr/local/bin:/usr/bin:/bin:/usr/sbin:/sbin:/Library/TeX/texbin:/Users/amir/.local/share/solana/install/active_release/bin:/opt/homebrew/bin:/opt/homebrew/sbin:/Users/amir/.cargo/bin

Yarn version: 
  1.22.18

Node version: 
  18.4.0

Platform: 
  darwin arm64

Trace: 
  Error: https://registry.yarnpkg.com/averts2: Not found
      at params.callback [as _callback] (/opt/homebrew/Cellar/yarn/1.22.18/libexec/lib/cli.js:66138:18)
      at self.callback (/opt/homebrew/Cellar/yarn/1.22.18/libexec/lib/cli.js:140883:22)
      at Request.emit (node:events:537:28)
      at Request.<anonymous> (/opt/homebrew/Cellar/yarn/1.22.18/libexec/lib/cli.js:141855:10)
      at Request.emit (node:events:537:28)
      at IncomingMessage.<anonymous> (/opt/homebrew/Cellar/yarn/1.22.18/libexec/lib/cli.js:141777:12)
      at Object.onceWrapper (node:events:651:28)
      at IncomingMessage.emit (node:events:549:35)
      at endReadableNT (node:internal/streams/readable:1359:12)
      at process.processTicksAndRejections (node:internal/process/task_queues:82:21)

npm manifest: 
  {
    "name": "aver-ts",
    "version": "0.1.5",
    "description": "Official Aver SDK",
    "main": "dist/index.js",
    "types": "dist/index.d.ts",
    "files": [
      "dist"
    ],
    "scripts": {
      "build": "npm install && tsc",
      "format": "prettier --write \"./src/**/*.{js,jsx,ts,tsx,json,css,scss,md}\"",
      "lint": "tslint -p tsconfig.json",
      "update-docs": "npm install && npx typedoc --entryPointStrategy expand ./src --includeVersion"
    },
    "author": "Nash",
    "license": "ISC",
    "dependencies": {
      "@bonfida/aaob": "^0.0.4",
      "@project-serum/anchor": "^0.22.1",
      "@solana/buffer-layout": "^4.0.0",
      "@solana/spl-token": "^0.2.0",
      "@solana/web3.js": "^1.36.0",
      "axios": "^0.26.1",
      "base58-js": "^1.0.0",
      "bn.js": "^5.2.0",
      "borsh": "^0.7.0",
      "camelcase": "^6.3.0",
      "lodash.chunk": "^4.2.0"
    },
    "devDependencies": {
      "@tsconfig/recommended": "^1.0.1",
      "prettier": "^2.6.0",
      "tslint": "^6.1.3",
      "tslint-config-prettier": "^1.18.0",
      "typedoc": "^0.23.5",
      "typescript": "^4.6.2"
    }
  }

yarn manifest: 
  No manifest

Lockfile: 
  No lockfile
